<?xml version="1.0" encoding="UTF-8"?>
<!-- Generated by org.testng.reporters.JUnitReportReporter -->
<testsuite hostname="Sainath" failures="0" tests="2" name="Test.API.Test1b" time="24.536" errors="0" timestamp="27 Dec 2020 12:21:51 GMT">
  <testcase classname="Test.API.Test1b" name="search" time="13.859"/>
  <testcase classname="Test.API.Test1b" name="openBrowser" time="10.677"/>
</testsuite> <!-- Test.API.Test1b -->
